<?xml version="1.0" encoding="UTF-8"?>
<testng-results skipped="0" failed="0" ignored="0" total="1" passed="1">
  <reporter-output>
  </reporter-output>
  <suite name="regression" duration-ms="6690" started-at="2022-04-19T17:53:14Z" finished-at="2022-04-19T17:53:21Z">
    <groups>
    </groups>
    <test name="LoginTest" duration-ms="6690" started-at="2022-04-19T17:53:14Z" finished-at="2022-04-19T17:53:21Z">
      <class name="test.ListCutomerTest">
        <test-method status="PASS" signature="validUserShouldBeAbleToAddCutomerOnListCustomer(java.lang.String, java.lang.String, java.lang.String, java.lang.String, java.lang.String, java.lang.String, java.lang.String, java.lang.String, java.lang.String, java.lang.String, java.lang.String)[pri:0, instance:test.ListCutomerTest@20e2cbe0]" name="validUserShouldBeAbleToAddCutomerOnListCustomer" duration-ms="6676" started-at="2022-04-19T17:53:14Z" finished-at="2022-04-19T17:53:21Z">
          <params>
            <param index="0">
              <value>
                <![CDATA[demo@techfios.com]]>
              </value>
            </param>
            <param index="1">
              <value>
                <![CDATA[abc123]]>
              </value>
            </param>
            <param index="2">
              <value>
                <![CDATA[TaniaD]]>
              </value>
            </param>
            <param index="3">
              <value>
                <![CDATA[CPS]]>
              </value>
            </param>
            <param index="4">
              <value>
                <![CDATA[td@gmail.com]]>
              </value>
            </param>
            <param index="5">
              <value>
                <![CDATA[6178952]]>
              </value>
            </param>
            <param index="6">
              <value>
                <![CDATA[Davidson dr.]]>
              </value>
            </param>
            <param index="7">
              <value>
                <![CDATA[Dallas]]>
              </value>
            </param>
            <param index="8">
              <value>
                <![CDATA[TX]]>
              </value>
            </param>
            <param index="9">
              <value>
                <![CDATA[02148]]>
              </value>
            </param>
            <param index="10">
              <value>
                <![CDATA[Angola]]>
              </value>
            </param>
          </params>
          <reporter-output>
          </reporter-output>
        </test-method> <!-- validUserShouldBeAbleToAddCutomerOnListCustomer -->
      </class> <!-- test.ListCutomerTest -->
    </test> <!-- LoginTest -->
  </suite> <!-- regression -->
</testng-results>
